<?xml version="1.0" encoding="UTF-8"?>
<!-- Generated by org.testng.reporters.JUnitXMLReporter -->
<testsuite ignored="0" hostname="LAPTOP-M0UH26NJ" failures="0" tests="2" name="Surefire test" time="12.249" errors="0" timestamp="2025-03-10T11:46:58 IST">
  <testcase classname="io.cucumber.testng.AbstractTestNGCucumberTests" name="runScenario" time="2.31"/>
  <testcase classname="io.cucumber.testng.AbstractTestNGCucumberTests" name="runScenario" time="9.572"/>
</testsuite> <!-- Surefire test -->
