<?xml version="1.0" encoding="UTF-8"?>
<!-- Generated by org.testng.reporters.JUnitXMLReporter -->
<testsuite ignored="0" hostname="LAPTOP-M0UH26NJ" failures="0" tests="3" name="Submit order test" time="23.919" errors="0" timestamp="2025-01-27T13:07:14 IST">
  <testcase classname="Seleniumframework.tests.SubmitOrderTest" name="submitOrder" time="8.511"/>
  <testcase classname="Seleniumframework.tests.SubmitOrderTest" name="submitOrder" time="8.364"/>
  <testcase classname="Seleniumframework.tests.SubmitOrderTest" name="OrderHistoryTest" time="2.81"/>
</testsuite> <!-- Submit order test -->
