<?xml version="1.0" encoding="UTF-8"?>
<!-- Generated by org.testng.reporters.JUnitXMLReporter -->
<testsuite ignored="0" hostname="LAPTOP-M0UH26NJ" failures="0" tests="3" name="Test" time="31.861" errors="0" timestamp="2025-01-21T13:53:53 IST">
  <testcase classname="Seleniumframework.tests.SubmitOrderTest" name="submitOrder" time="8.941"/>
  <testcase classname="Seleniumframework.tests.SubmitOrderTest" name="submitOrder" time="8.544"/>
  <testcase classname="Seleniumframework.tests.SubmitOrderTest" name="OrderHistoryTest" time="2.116"/>
</testsuite> <!-- Test -->
