<?xml version="1.0" encoding="UTF-8"?>
<!-- Generated by org.testng.reporters.JUnitXMLReporter -->
<testsuite ignored="0" hostname="LAPTOP-M0UH26NJ" failures="0" tests="2" name="Login error validation test" time="9.619" errors="0" timestamp="2025-03-10T11:47:42 IST">
  <testcase classname="Seleniumframework.tests.ErrorvalidationTest" name="LoginErrorvalidation" time="0.753"/>
  <testcase classname="Seleniumframework.tests.ErrorvalidationTest" name="ProductValidation" time="5.512"/>
</testsuite> <!-- Login error validation test -->
