<?xml version="1.0" encoding="UTF-8"?>
<!-- Generated by org.testng.reporters.JUnitXMLReporter -->
<testsuite ignored="0" hostname="LAPTOP-M0UH26NJ" failures="0" tests="3" name="Submit order test" time="24.791" errors="0" timestamp="2025-03-10T11:47:57 IST">
  <testcase classname="Seleniumframework.tests.SubmitOrderTest" name="submitOrder" time="8.402"/>
  <testcase classname="Seleniumframework.tests.SubmitOrderTest" name="submitOrder" time="8.279"/>
  <testcase classname="Seleniumframework.tests.SubmitOrderTest" name="OrderHistoryTest" time="2.763"/>
</testsuite> <!-- Submit order test -->
