<?xml version="1.0" encoding="UTF-8"?>
<testng-results ignored="0" total="5" passed="5" failed="0" skipped="0">
  <reporter-output>
  </reporter-output>
  <suite started-at="2025-03-10T11:47:32 IST" name="Suite" finished-at="2025-03-10T11:47:57 IST" duration-ms="24791">
    <groups>
      <group name="errorhandling">
        <method signature="ErrorvalidationTest.LoginErrorvalidation()[pri:0, instance:Seleniumframework.tests.ErrorvalidationTest@700fb871]" name="LoginErrorvalidation" class="Seleniumframework.tests.ErrorvalidationTest"/>
      </group> <!-- errorhandling -->
      <group name="purchase">
        <method signature="SubmitOrderTest.submitOrder(java.util.HashMap)[pri:0, instance:Seleniumframework.tests.SubmitOrderTest@eadd4fb]" name="submitOrder" class="Seleniumframework.tests.SubmitOrderTest"/>
        <method signature="SubmitOrderTest.OrderHistoryTest()[pri:0, instance:Seleniumframework.tests.SubmitOrderTest@eadd4fb]" name="OrderHistoryTest" class="Seleniumframework.tests.SubmitOrderTest"/>
      </group> <!-- purchase -->
    </groups>
    <test started-at="2025-03-10T11:47:32 IST" name="Login error validation test" finished-at="2025-03-10T11:47:42 IST" duration-ms="9619">
      <class name="Seleniumframework.tests.ErrorvalidationTest">
        <test-method is-config="true" signature="launchapplication()[pri:0, instance:Seleniumframework.tests.ErrorvalidationTest@700fb871]" started-at="2025-03-10T11:47:32 IST" name="launchapplication" finished-at="2025-03-10T11:47:34 IST" duration-ms="1636" status="PASS">
          <reporter-output>
          </reporter-output>
        </test-method> <!-- launchapplication -->
        <test-method signature="LoginErrorvalidation()[pri:0, instance:Seleniumframework.tests.ErrorvalidationTest@700fb871]" started-at="2025-03-10T11:47:34 IST" name="LoginErrorvalidation" finished-at="2025-03-10T11:47:35 IST" duration-ms="753" status="PASS">
          <reporter-output>
          </reporter-output>
        </test-method> <!-- LoginErrorvalidation -->
        <test-method is-config="true" signature="tearDown()[pri:0, instance:Seleniumframework.tests.ErrorvalidationTest@700fb871]" started-at="2025-03-10T11:47:35 IST" name="tearDown" finished-at="2025-03-10T11:47:35 IST" duration-ms="101" status="PASS">
          <reporter-output>
          </reporter-output>
        </test-method> <!-- tearDown -->
        <test-method is-config="true" signature="launchapplication()[pri:0, instance:Seleniumframework.tests.ErrorvalidationTest@700fb871]" started-at="2025-03-10T11:47:35 IST" name="launchapplication" finished-at="2025-03-10T11:47:36 IST" duration-ms="1475" status="PASS">
          <reporter-output>
          </reporter-output>
        </test-method> <!-- launchapplication -->
        <test-method signature="ProductValidation()[pri:0, instance:Seleniumframework.tests.ErrorvalidationTest@700fb871]" started-at="2025-03-10T11:47:36 IST" name="ProductValidation" finished-at="2025-03-10T11:47:42 IST" duration-ms="5512" status="PASS">
          <reporter-output>
          </reporter-output>
        </test-method> <!-- ProductValidation -->
        <test-method is-config="true" signature="tearDown()[pri:0, instance:Seleniumframework.tests.ErrorvalidationTest@700fb871]" started-at="2025-03-10T11:47:42 IST" name="tearDown" finished-at="2025-03-10T11:47:42 IST" duration-ms="110" status="PASS">
          <reporter-output>
          </reporter-output>
        </test-method> <!-- tearDown -->
      </class> <!-- Seleniumframework.tests.ErrorvalidationTest -->
    </test> <!-- Login error validation test -->
    <test started-at="2025-03-10T11:47:32 IST" name="Submit order test" finished-at="2025-03-10T11:47:57 IST" duration-ms="24791">
      <class name="Seleniumframework.tests.SubmitOrderTest">
        <test-method is-config="true" signature="launchapplication()[pri:0, instance:Seleniumframework.tests.SubmitOrderTest@eadd4fb]" started-at="2025-03-10T11:47:33 IST" name="launchapplication" finished-at="2025-03-10T11:47:34 IST" duration-ms="1546" status="PASS">
          <reporter-output>
          </reporter-output>
        </test-method> <!-- launchapplication -->
        <test-method signature="submitOrder(java.util.HashMap)[pri:0, instance:Seleniumframework.tests.SubmitOrderTest@eadd4fb]" started-at="2025-03-10T11:47:34 IST" name="submitOrder" data-provider="getData" finished-at="2025-03-10T11:47:42 IST" duration-ms="8402" status="PASS">
          <params>
            <param index="0">
              <value>
                <![CDATA[{password=Test@123, product=IPHONE 13 PRO, email=soundaryapacharya@gmail.com}]]>
              </value>
            </param>
          </params>
          <reporter-output>
          </reporter-output>
        </test-method> <!-- submitOrder -->
        <test-method is-config="true" signature="tearDown()[pri:0, instance:Seleniumframework.tests.SubmitOrderTest@eadd4fb]" started-at="2025-03-10T11:47:42 IST" name="tearDown" finished-at="2025-03-10T11:47:43 IST" duration-ms="92" status="PASS">
          <reporter-output>
          </reporter-output>
        </test-method> <!-- tearDown -->
        <test-method is-config="true" signature="launchapplication()[pri:0, instance:Seleniumframework.tests.SubmitOrderTest@eadd4fb]" started-at="2025-03-10T11:47:43 IST" name="launchapplication" finished-at="2025-03-10T11:47:45 IST" duration-ms="2082" status="PASS">
          <reporter-output>
          </reporter-output>
        </test-method> <!-- launchapplication -->
        <test-method signature="submitOrder(java.util.HashMap)[pri:0, instance:Seleniumframework.tests.SubmitOrderTest@eadd4fb]" started-at="2025-03-10T11:47:45 IST" name="submitOrder" data-provider="getData" finished-at="2025-03-10T11:47:53 IST" duration-ms="8279" status="PASS">
          <params>
            <param index="0">
              <value>
                <![CDATA[{password=Test@123, product=ZARA COAT 3, email=soundaryapacharya@gmail.com}]]>
              </value>
            </param>
          </params>
          <reporter-output>
          </reporter-output>
        </test-method> <!-- submitOrder -->
        <test-method is-config="true" signature="tearDown()[pri:0, instance:Seleniumframework.tests.SubmitOrderTest@eadd4fb]" started-at="2025-03-10T11:47:53 IST" name="tearDown" finished-at="2025-03-10T11:47:53 IST" duration-ms="109" status="PASS">
          <reporter-output>
          </reporter-output>
        </test-method> <!-- tearDown -->
        <test-method is-config="true" signature="launchapplication()[pri:0, instance:Seleniumframework.tests.SubmitOrderTest@eadd4fb]" started-at="2025-03-10T11:47:53 IST" name="launchapplication" finished-at="2025-03-10T11:47:54 IST" duration-ms="1269" status="PASS">
          <reporter-output>
          </reporter-output>
        </test-method> <!-- launchapplication -->
        <test-method signature="OrderHistoryTest()[pri:0, instance:Seleniumframework.tests.SubmitOrderTest@eadd4fb]" started-at="2025-03-10T11:47:54 IST" name="OrderHistoryTest" finished-at="2025-03-10T11:47:57 IST" depends-on-methods="Seleniumframework.tests.SubmitOrderTest.submitOrder" duration-ms="2763" status="PASS">
          <reporter-output>
          </reporter-output>
        </test-method> <!-- OrderHistoryTest -->
        <test-method is-config="true" signature="tearDown()[pri:0, instance:Seleniumframework.tests.SubmitOrderTest@eadd4fb]" started-at="2025-03-10T11:47:57 IST" name="tearDown" finished-at="2025-03-10T11:47:57 IST" duration-ms="91" status="PASS">
          <reporter-output>
          </reporter-output>
        </test-method> <!-- tearDown -->
      </class> <!-- Seleniumframework.tests.SubmitOrderTest -->
    </test> <!-- Submit order test -->
  </suite> <!-- Suite -->
</testng-results>
